<?xml version="1.0" encoding="UTF-8"?>
<!-- Generated by org.testng.reporters.JUnitReportReporter -->
<testsuite hostname="LAPTOP-4I3PFRV9" failures="0" tests="1" name="TestCases.TestCaseDemo" time="12.566" errors="0" timestamp="2024-03-28T13:14:16 IST" skipped="0">
  <testcase classname="TestCases.TestCaseDemo" name="testCheck" time="12.566"/>
</testsuite> <!-- TestCases.TestCaseDemo -->
